<?xml version="1.0" encoding="UTF-8"?>
<!-- Generated by org.testng.reporters.JUnitReportReporter -->
<testsuite hostname="DESKTOP-3LSSH1C" failures="0" tests="1" name="Test.PinPageTest" time="19.854" errors="0" timestamp="2022-06-09T16:18:31 IST" skipped="0">
  <testcase classname="Test.PinPageTest" name="loginToZerodhaWithPinTest" time="19.854"/>
  <system-out/>
</testsuite> <!-- Test.PinPageTest -->
